<?xml version="1.0" encoding="UTF-8"?>
<coverage generated="1778337944879" clover="3.2.0">
  <project timestamp="1778337944879" name="All files">
    <metrics statements="71" coveredstatements="68" conditionals="64" coveredconditionals="58" methods="27" coveredmethods="22" elements="162" coveredelements="148" complexity="0" loc="71" ncloc="71" packages="4" files="5" classes="5"/>
    <package name="src">
      <metrics statements="2" coveredstatements="2" conditionals="0" coveredconditionals="0" methods="2" coveredmethods="2"/>
      <file name="App.tsx" path="/Users/alanabarrett-frew/Developer/smart-assign/smart-assign-frontend/src/App.tsx">
        <metrics statements="2" coveredstatements="2" conditionals="0" coveredconditionals="0" methods="2" coveredmethods="2"/>
        <line num="5" count="3" type="stmt"/>
        <line num="39" count="1" type="stmt"/>
      </file>
    </package>
    <package name="src.components">
      <metrics statements="56" coveredstatements="53" conditionals="45" coveredconditionals="39" methods="24" coveredmethods="19"/>
      <file name="ErrorBoundary.tsx" path="/Users/alanabarrett-frew/Developer/smart-assign/smart-assign-frontend/src/components/ErrorBoundary.tsx">
        <metrics statements="7" coveredstatements="6" conditionals="2" coveredconditionals="2" methods="4" coveredmethods="3"/>
        <line num="13" count="4" type="stmt"/>
        <line num="14" count="4" type="stmt"/>
        <line num="18" count="2" type="stmt"/>
        <line num="22" count="5" type="cond" truecount="2" falsecount="0"/>
        <line num="23" count="2" type="stmt"/>
        <line num="29" count="0" type="stmt"/>
        <line num="39" count="3" type="stmt"/>
      </file>
      <file name="ManualSearch.tsx" path="/Users/alanabarrett-frew/Developer/smart-assign/smart-assign-frontend/src/components/ManualSearch.tsx">
        <metrics statements="49" coveredstatements="47" conditionals="43" coveredconditionals="37" methods="20" coveredmethods="16"/>
        <line num="5" count="2" type="stmt"/>
        <line num="6" count="2" type="stmt"/>
        <line num="7" count="2" type="stmt"/>
        <line num="8" count="2" type="stmt"/>
        <line num="10" count="2" type="stmt"/>
        <line num="19" count="2" type="stmt"/>
        <line num="22" count="74" type="stmt"/>
        <line num="23" count="74" type="stmt"/>
        <line num="24" count="74" type="stmt"/>
        <line num="25" count="74" type="stmt"/>
        <line num="26" count="74" type="stmt"/>
        <line num="27" count="74" type="stmt"/>
        <line num="29" count="74" type="stmt"/>
        <line num="30" count="31" type="stmt"/>
        <line num="31" count="31" type="stmt"/>
        <line num="33" count="31" type="stmt"/>
        <line num="38" count="31" type="cond" truecount="2" falsecount="0"/>
        <line num="39" count="31" type="cond" truecount="1" falsecount="1"/>
        <line num="40" count="31" type="cond" truecount="1" falsecount="1"/>
        <line num="41" count="31" type="cond" truecount="2" falsecount="0"/>
        <line num="42" count="1" type="stmt"/>
        <line num="43" count="1" type="cond" truecount="1" falsecount="1"/>
        <line num="45" count="31" type="cond" truecount="2" falsecount="0"/>
        <line num="46" count="31" type="cond" truecount="1" falsecount="1"/>
        <line num="48" count="31" type="stmt"/>
        <line num="49" count="31" type="stmt"/>
        <line num="50" count="29" type="stmt"/>
        <line num="51" count="29" type="stmt"/>
        <line num="53" count="1" type="cond" truecount="1" falsecount="1"/>
        <line num="55" count="30" type="stmt"/>
        <line num="59" count="74" type="stmt"/>
        <line num="60" count="31" type="stmt"/>
        <line num="64" count="11" type="stmt"/>
        <line num="65" count="11" type="stmt"/>
        <line num="69" count="1" type="stmt"/>
        <line num="70" count="1" type="stmt"/>
        <line num="73" count="74" type="stmt"/>
        <line num="75" count="74" type="stmt"/>
        <line num="84" count="74" type="stmt"/>
        <line num="96" count="444" type="stmt"/>
        <line num="101" count="3" type="stmt"/>
        <line num="105" count="2294" type="stmt"/>
        <line num="112" count="8" type="stmt"/>
        <line num="143" count="1" type="stmt"/>
        <line num="153" count="2" type="stmt"/>
        <line num="169" count="392" type="stmt"/>
        <line num="177" count="368" type="stmt"/>
        <line num="206" count="0" type="stmt"/>
        <line num="216" count="0" type="stmt"/>
      </file>
    </package>
    <package name="src.services">
      <metrics statements="13" coveredstatements="13" conditionals="19" coveredconditionals="19" methods="1" coveredmethods="1"/>
      <file name="api.ts" path="/Users/alanabarrett-frew/Developer/smart-assign/smart-assign-frontend/src/services/api.ts">
        <metrics statements="13" coveredstatements="13" conditionals="19" coveredconditionals="19" methods="1" coveredmethods="1"/>
        <line num="4" count="2" type="cond" truecount="2" falsecount="0"/>
        <line num="6" count="2" type="stmt"/>
        <line num="23" count="5" type="stmt"/>
        <line num="25" count="5" type="cond" truecount="2" falsecount="0"/>
        <line num="26" count="5" type="cond" truecount="2" falsecount="0"/>
        <line num="27" count="5" type="cond" truecount="2" falsecount="0"/>
        <line num="28" count="5" type="cond" truecount="2" falsecount="0"/>
        <line num="29" count="5" type="cond" truecount="2" falsecount="0"/>
        <line num="30" count="5" type="cond" truecount="2" falsecount="0"/>
        <line num="31" count="5" type="cond" truecount="2" falsecount="0"/>
        <line num="32" count="5" type="cond" truecount="2" falsecount="0"/>
        <line num="34" count="5" type="stmt"/>
        <line num="35" count="5" type="stmt"/>
      </file>
    </package>
    <package name="src.types">
      <metrics statements="0" coveredstatements="0" conditionals="0" coveredconditionals="0" methods="0" coveredmethods="0"/>
      <file name="candidate.ts" path="/Users/alanabarrett-frew/Developer/smart-assign/smart-assign-frontend/src/types/candidate.ts">
        <metrics statements="0" coveredstatements="0" conditionals="0" coveredconditionals="0" methods="0" coveredmethods="0"/>
      </file>
    </package>
  </project>
</coverage>
