{"/Users/alanabarrett-frew/Developer/smart-assign/smart-assign-frontend/src/App.tsx": {"path":"/Users/alanabarrett-frew/Developer/smart-assign/smart-assign-frontend/src/App.tsx","statementMap":{"0":{"start":{"line":5,"column":2},"end":{"line":33,"column":null}},"1":{"start":{"line":39,"column":2},"end":{"line":42,"column":null}}},"fnMap":{"0":{"name":"App","decl":{"start":{"line":4,"column":24},"end":{"line":4,"column":30}},"loc":{"start":{"line":4,"column":30},"end":{"line":33,"column":null}},"line":4},"1":{"name":"ComingSoon","decl":{"start":{"line":38,"column":9},"end":{"line":38,"column":22}},"loc":{"start":{"line":38,"column":22},"end":{"line":42,"column":null}},"line":38}},"branchMap":{},"s":{"0":3,"1":1},"f":{"0":3,"1":1},"b":{},"meta":{"lastBranch":0,"lastFunction":2,"lastStatement":2,"seen":{"f:4:24:4:30":0,"s:5:2:33:Infinity":0,"f:38:9:38:22":1,"s:39:2:42:Infinity":1}}}
,"/Users/alanabarrett-frew/Developer/smart-assign/smart-assign-frontend/src/components/ErrorBoundary.tsx": {"path":"/Users/alanabarrett-frew/Developer/smart-assign/smart-assign-frontend/src/components/ErrorBoundary.tsx","statementMap":{"0":{"start":{"line":13,"column":4},"end":{"line":13,"column":null}},"1":{"start":{"line":14,"column":4},"end":{"line":14,"column":null}},"2":{"start":{"line":18,"column":4},"end":{"line":18,"column":null}},"3":{"start":{"line":22,"column":4},"end":{"line":35,"column":null}},"4":{"start":{"line":23,"column":6},"end":{"line":35,"column":null}},"5":{"start":{"line":29,"column":29},"end":{"line":29,"column":57}},"6":{"start":{"line":39,"column":4},"end":{"line":39,"column":null}}},"fnMap":{"0":{"name":"(anonymous_0)","decl":{"start":{"line":12,"column":2},"end":{"line":12,"column":14}},"loc":{"start":{"line":12,"column":28},"end":{"line":14,"column":null}},"line":12},"1":{"name":"(anonymous_1)","decl":{"start":{"line":17,"column":9},"end":{"line":17,"column":43}},"loc":{"start":{"line":17,"column":43},"end":{"line":18,"column":null}},"line":17},"2":{"name":"(anonymous_2)","decl":{"start":{"line":21,"column":2},"end":{"line":21,"column":11}},"loc":{"start":{"line":21,"column":11},"end":{"line":39,"column":null}},"line":21},"3":{"name":"(anonymous_3)","decl":{"start":{"line":29,"column":14},"end":{"line":29,"column":29}},"loc":{"start":{"line":29,"column":29},"end":{"line":29,"column":57}},"line":29}},"branchMap":{"0":{"loc":{"start":{"line":22,"column":4},"end":{"line":35,"column":null}},"type":"if","locations":[{"start":{"line":22,"column":4},"end":{"line":35,"column":null}},{"start":{},"end":{}}],"line":22}},"s":{"0":4,"1":4,"2":2,"3":5,"4":2,"5":0,"6":3},"f":{"0":4,"1":1,"2":5,"3":0},"b":{"0":[2,3]},"meta":{"lastBranch":1,"lastFunction":4,"lastStatement":7,"seen":{"f:12:2:12:14":0,"s:13:4:13:Infinity":0,"s:14:4:14:Infinity":1,"f:17:9:17:43":1,"s:18:4:18:Infinity":2,"f:21:2:21:11":2,"b:22:4:35:Infinity:undefined:undefined:undefined:undefined":0,"s:22:4:35:Infinity":3,"s:23:6:35:Infinity":4,"f:29:14:29:29":3,"s:29:29:29:57":5,"s:39:4:39:Infinity":6}}}
,"/Users/alanabarrett-frew/Developer/smart-assign/smart-assign-frontend/src/components/ManualSearch.tsx": {"path":"/Users/alanabarrett-frew/Developer/smart-assign/smart-assign-frontend/src/components/ManualSearch.tsx","statementMap":{"0":{"start":{"line":5,"column":26},"end":{"line":5,"column":null}},"1":{"start":{"line":6,"column":29},"end":{"line":6,"column":null}},"2":{"start":{"line":7,"column":24},"end":{"line":7,"column":null}},"3":{"start":{"line":8,"column":18},"end":{"line":8,"column":null}},"4":{"start":{"line":10,"column":23},"end":{"line":17,"column":null}},"5":{"start":{"line":19,"column":20},"end":{"line":19,"column":null}},"6":{"start":{"line":22,"column":18},"end":{"line":22,"column":56}},"7":{"start":{"line":23,"column":21},"end":{"line":23,"column":63}},"8":{"start":{"line":24,"column":16},"end":{"line":24,"column":39}},"9":{"start":{"line":25,"column":15},"end":{"line":25,"column":37}},"10":{"start":{"line":26,"column":18},"end":{"line":26,"column":46}},"11":{"start":{"line":27,"column":16},"end":{"line":27,"column":57}},"12":{"start":{"line":29,"column":8},"end":{"line":57,"column":8}},"13":{"start":{"line":30,"column":4},"end":{"line":30,"column":null}},"14":{"start":{"line":31,"column":4},"end":{"line":31,"column":null}},"15":{"start":{"line":33,"column":37},"end":{"line":36,"column":null}},"16":{"start":{"line":38,"column":4},"end":{"line":38,"column":null}},"17":{"start":{"line":38,"column":42},"end":{"line":38,"column":null}},"18":{"start":{"line":39,"column":4},"end":{"line":39,"column":null}},"19":{"start":{"line":39,"column":40},"end":{"line":39,"column":null}},"20":{"start":{"line":40,"column":4},"end":{"line":40,"column":null}},"21":{"start":{"line":40,"column":44},"end":{"line":40,"column":null}},"22":{"start":{"line":41,"column":4},"end":{"line":43,"column":null}},"23":{"start":{"line":42,"column":20},"end":{"line":42,"column":59}},"24":{"start":{"line":43,"column":6},"end":{"line":43,"column":null}},"25":{"start":{"line":43,"column":17},"end":{"line":43,"column":null}},"26":{"start":{"line":45,"column":4},"end":{"line":45,"column":null}},"27":{"start":{"line":45,"column":29},"end":{"line":45,"column":null}},"28":{"start":{"line":46,"column":4},"end":{"line":46,"column":null}},"29":{"start":{"line":46,"column":30},"end":{"line":46,"column":null}},"30":{"start":{"line":48,"column":4},"end":{"line":55,"column":null}},"31":{"start":{"line":49,"column":23},"end":{"line":49,"column":50}},"32":{"start":{"line":50,"column":6},"end":{"line":50,"column":null}},"33":{"start":{"line":51,"column":6},"end":{"line":51,"column":null}},"34":{"start":{"line":53,"column":6},"end":{"line":53,"column":null}},"35":{"start":{"line":55,"column":6},"end":{"line":55,"column":null}},"36":{"start":{"line":59,"column":2},"end":{"line":61,"column":null}},"37":{"start":{"line":60,"column":4},"end":{"line":60,"column":null}},"38":{"start":{"line":64,"column":4},"end":{"line":64,"column":null}},"39":{"start":{"line":64,"column":24},"end":{"line":64,"column":51}},"40":{"start":{"line":65,"column":4},"end":{"line":65,"column":null}},"41":{"start":{"line":69,"column":4},"end":{"line":69,"column":null}},"42":{"start":{"line":70,"column":4},"end":{"line":70,"column":null}},"43":{"start":{"line":73,"column":21},"end":{"line":73,"column":49}},"44":{"start":{"line":75,"column":23},"end":{"line":82,"column":null}},"45":{"start":{"line":84,"column":2},"end":{"line":223,"column":null}},"46":{"start":{"line":96,"column":10},"end":{"line":117,"column":null}},"47":{"start":{"line":101,"column":35},"end":{"line":101,"column":69}},"48":{"start":{"line":105,"column":18},"end":{"line":105,"column":null}},"49":{"start":{"line":112,"column":35},"end":{"line":112,"column":69}},"50":{"start":{"line":143,"column":29},"end":{"line":143,"column":61}},"51":{"start":{"line":143,"column":42},"end":{"line":143,"column":60}},"52":{"start":{"line":153,"column":29},"end":{"line":153,"column":70}},"53":{"start":{"line":153,"column":42},"end":{"line":153,"column":69}},"54":{"start":{"line":169,"column":18},"end":{"line":171,"column":null}},"55":{"start":{"line":177,"column":16},"end":{"line":189,"column":null}},"56":{"start":{"line":206,"column":29},"end":{"line":206,"column":61}},"57":{"start":{"line":206,"column":42},"end":{"line":206,"column":60}},"58":{"start":{"line":216,"column":29},"end":{"line":216,"column":70}},"59":{"start":{"line":216,"column":42},"end":{"line":216,"column":69}}},"fnMap":{"0":{"name":"ManualSearch","decl":{"start":{"line":21,"column":24},"end":{"line":21,"column":39}},"loc":{"start":{"line":21,"column":39},"end":{"line":223,"column":null}},"line":21},"1":{"name":"(anonymous_1)","decl":{"start":{"line":29,"column":38},"end":{"line":29,"column":45}},"loc":{"start":{"line":29,"column":108},"end":{"line":57,"column":7}},"line":29},"2":{"name":"(anonymous_2)","decl":{"start":{"line":59,"column":2},"end":{"line":59,"column":18}},"loc":{"start":{"line":59,"column":18},"end":{"line":61,"column":6}},"line":59},"3":{"name":"setFilter","decl":{"start":{"line":63,"column":11},"end":{"line":63,"column":21}},"loc":{"start":{"line":63,"column":70},"end":{"line":65,"column":null}},"line":63},"4":{"name":"(anonymous_4)","decl":{"start":{"line":64,"column":4},"end":{"line":64,"column":15}},"loc":{"start":{"line":64,"column":24},"end":{"line":64,"column":51}},"line":64},"5":{"name":"resetFilters","decl":{"start":{"line":68,"column":11},"end":{"line":68,"column":26}},"loc":{"start":{"line":68,"column":26},"end":{"line":70,"column":null}},"line":68},"6":{"name":"(anonymous_6)","decl":{"start":{"line":95,"column":22},"end":{"line":95,"column":27}},"loc":{"start":{"line":96,"column":10},"end":{"line":117,"column":null}},"line":96},"7":{"name":"(anonymous_7)","decl":{"start":{"line":101,"column":16},"end":{"line":101,"column":26}},"loc":{"start":{"line":101,"column":35},"end":{"line":101,"column":69}},"line":101},"8":{"name":"(anonymous_8)","decl":{"start":{"line":104,"column":25},"end":{"line":104,"column":29}},"loc":{"start":{"line":105,"column":18},"end":{"line":105,"column":null}},"line":105},"9":{"name":"(anonymous_9)","decl":{"start":{"line":112,"column":16},"end":{"line":112,"column":26}},"loc":{"start":{"line":112,"column":35},"end":{"line":112,"column":69}},"line":112},"10":{"name":"(anonymous_10)","decl":{"start":{"line":143,"column":14},"end":{"line":143,"column":29}},"loc":{"start":{"line":143,"column":29},"end":{"line":143,"column":61}},"line":143},"11":{"name":"(anonymous_11)","decl":{"start":{"line":143,"column":29},"end":{"line":143,"column":37}},"loc":{"start":{"line":143,"column":42},"end":{"line":143,"column":60}},"line":143},"12":{"name":"(anonymous_12)","decl":{"start":{"line":153,"column":14},"end":{"line":153,"column":29}},"loc":{"start":{"line":153,"column":29},"end":{"line":153,"column":70}},"line":153},"13":{"name":"(anonymous_13)","decl":{"start":{"line":153,"column":29},"end":{"line":153,"column":37}},"loc":{"start":{"line":153,"column":42},"end":{"line":153,"column":69}},"line":153},"14":{"name":"(anonymous_14)","decl":{"start":{"line":168,"column":101},"end":{"line":168,"column":105}},"loc":{"start":{"line":169,"column":18},"end":{"line":171,"column":null}},"line":169},"15":{"name":"(anonymous_15)","decl":{"start":{"line":176,"column":26},"end":{"line":176,"column":30}},"loc":{"start":{"line":177,"column":16},"end":{"line":189,"column":null}},"line":177},"16":{"name":"(anonymous_16)","decl":{"start":{"line":206,"column":14},"end":{"line":206,"column":29}},"loc":{"start":{"line":206,"column":29},"end":{"line":206,"column":61}},"line":206},"17":{"name":"(anonymous_17)","decl":{"start":{"line":206,"column":29},"end":{"line":206,"column":37}},"loc":{"start":{"line":206,"column":42},"end":{"line":206,"column":60}},"line":206},"18":{"name":"(anonymous_18)","decl":{"start":{"line":216,"column":14},"end":{"line":216,"column":29}},"loc":{"start":{"line":216,"column":29},"end":{"line":216,"column":70}},"line":216},"19":{"name":"(anonymous_19)","decl":{"start":{"line":216,"column":29},"end":{"line":216,"column":37}},"loc":{"start":{"line":216,"column":42},"end":{"line":216,"column":69}},"line":216}},"branchMap":{"0":{"loc":{"start":{"line":38,"column":4},"end":{"line":38,"column":null}},"type":"if","locations":[{"start":{"line":38,"column":4},"end":{"line":38,"column":null}},{"start":{},"end":{}}],"line":38},"1":{"loc":{"start":{"line":39,"column":4},"end":{"line":39,"column":null}},"type":"if","locations":[{"start":{"line":39,"column":4},"end":{"line":39,"column":null}},{"start":{},"end":{}}],"line":39},"2":{"loc":{"start":{"line":40,"column":4},"end":{"line":40,"column":null}},"type":"if","locations":[{"start":{"line":40,"column":4},"end":{"line":40,"column":null}},{"start":{},"end":{}}],"line":40},"3":{"loc":{"start":{"line":41,"column":4},"end":{"line":43,"column":null}},"type":"if","locations":[{"start":{"line":41,"column":4},"end":{"line":43,"column":null}},{"start":{},"end":{}}],"line":41},"4":{"loc":{"start":{"line":43,"column":6},"end":{"line":43,"column":null}},"type":"if","locations":[{"start":{"line":43,"column":6},"end":{"line":43,"column":null}},{"start":{},"end":{}}],"line":43},"5":{"loc":{"start":{"line":45,"column":4},"end":{"line":45,"column":null}},"type":"if","locations":[{"start":{"line":45,"column":4},"end":{"line":45,"column":null}},{"start":{},"end":{}}],"line":45},"6":{"loc":{"start":{"line":46,"column":4},"end":{"line":46,"column":null}},"type":"if","locations":[{"start":{"line":46,"column":4},"end":{"line":46,"column":null}},{"start":{},"end":{}}],"line":46},"7":{"loc":{"start":{"line":53,"column":15},"end":{"line":53,"column":80}},"type":"cond-expr","locations":[{"start":{"line":53,"column":38},"end":{"line":53,"column":52}},{"start":{"line":53,"column":52},"end":{"line":53,"column":80}}],"line":53},"8":{"loc":{"start":{"line":98,"column":13},"end":{"line":115,"column":null}},"type":"cond-expr","locations":[{"start":{"line":99,"column":14},"end":{"line":109,"column":15}},{"start":{"line":109,"column":14},"end":{"line":115,"column":null}}],"line":98},"9":{"loc":{"start":{"line":134,"column":25},"end":{"line":134,"column":49}},"type":"cond-expr","locations":[{"start":{"line":134,"column":35},"end":{"line":134,"column":43}},{"start":{"line":134,"column":43},"end":{"line":134,"column":49}}],"line":134},"10":{"loc":{"start":{"line":136,"column":11},"end":{"line":136,"column":null}},"type":"binary-expr","locations":[{"start":{"line":136,"column":11},"end":{"line":136,"column":22}},{"start":{"line":136,"column":22},"end":{"line":136,"column":null}}],"line":136},"11":{"loc":{"start":{"line":137,"column":11},"end":{"line":137,"column":null}},"type":"binary-expr","locations":[{"start":{"line":137,"column":11},"end":{"line":137,"column":20}},{"start":{"line":137,"column":20},"end":{"line":137,"column":null}}],"line":137},"12":{"loc":{"start":{"line":140,"column":9},"end":{"line":158,"column":null}},"type":"binary-expr","locations":[{"start":{"line":140,"column":9},"end":{"line":140,"column":null}},{"start":{"line":141,"column":10},"end":{"line":158,"column":null}}],"line":140},"13":{"loc":{"start":{"line":144,"column":24},"end":{"line":144,"column":null}},"type":"binary-expr","locations":[{"start":{"line":144,"column":24},"end":{"line":144,"column":38}},{"start":{"line":144,"column":38},"end":{"line":144,"column":null}}],"line":144},"14":{"loc":{"start":{"line":154,"column":24},"end":{"line":154,"column":null}},"type":"binary-expr","locations":[{"start":{"line":154,"column":24},"end":{"line":154,"column":47}},{"start":{"line":154,"column":47},"end":{"line":154,"column":null}}],"line":154},"15":{"loc":{"start":{"line":163,"column":7},"end":{"line":193,"column":null}},"type":"binary-expr","locations":[{"start":{"line":163,"column":7},"end":{"line":163,"column":null}},{"start":{"line":164,"column":8},"end":{"line":193,"column":null}}],"line":163},"16":{"loc":{"start":{"line":184,"column":23},"end":{"line":184,"column":null}},"type":"binary-expr","locations":[{"start":{"line":184,"column":23},"end":{"line":184,"column":46}},{"start":{"line":184,"column":46},"end":{"line":184,"column":null}}],"line":184},"17":{"loc":{"start":{"line":196,"column":7},"end":{"line":199,"column":null}},"type":"binary-expr","locations":[{"start":{"line":196,"column":7},"end":{"line":196,"column":19}},{"start":{"line":196,"column":19},"end":{"line":196,"column":null}},{"start":{"line":197,"column":8},"end":{"line":199,"column":null}}],"line":196},"18":{"loc":{"start":{"line":202,"column":7},"end":{"line":223,"column":null}},"type":"binary-expr","locations":[{"start":{"line":202,"column":7},"end":{"line":202,"column":null}},{"start":{"line":203,"column":8},"end":{"line":223,"column":null}}],"line":202},"19":{"loc":{"start":{"line":207,"column":24},"end":{"line":207,"column":null}},"type":"binary-expr","locations":[{"start":{"line":207,"column":24},"end":{"line":207,"column":38}},{"start":{"line":207,"column":38},"end":{"line":207,"column":null}}],"line":207},"20":{"loc":{"start":{"line":217,"column":24},"end":{"line":217,"column":null}},"type":"binary-expr","locations":[{"start":{"line":217,"column":24},"end":{"line":217,"column":47}},{"start":{"line":217,"column":47},"end":{"line":217,"column":null}}],"line":217}},"s":{"0":2,"1":2,"2":2,"3":2,"4":2,"5":2,"6":74,"7":74,"8":74,"9":74,"10":74,"11":74,"12":74,"13":31,"14":31,"15":31,"16":31,"17":2,"18":31,"19":0,"20":31,"21":0,"22":31,"23":1,"24":1,"25":1,"26":31,"27":8,"28":31,"29":0,"30":31,"31":31,"32":29,"33":29,"34":1,"35":30,"36":74,"37":31,"38":11,"39":11,"40":11,"41":1,"42":1,"43":74,"44":74,"45":74,"46":444,"47":3,"48":2294,"49":8,"50":1,"51":1,"52":2,"53":2,"54":392,"55":368,"56":0,"57":0,"58":0,"59":0},"f":{"0":74,"1":31,"2":31,"3":11,"4":11,"5":1,"6":444,"7":3,"8":2294,"9":8,"10":1,"11":1,"12":2,"13":2,"14":392,"15":368,"16":0,"17":0,"18":0,"19":0},"b":{"0":[2,29],"1":[0,31],"2":[0,31],"3":[1,30],"4":[1,0],"5":[8,23],"6":[0,31],"7":[1,0],"8":[296,148],"9":[31,43],"10":[74,31],"11":[74,1],"12":[74,13],"13":[13,6],"14":[13,7],"15":[74,56],"16":[368,0],"17":[74,43,2],"18":[74,13],"19":[13,6],"20":[13,7]},"meta":{"lastBranch":21,"lastFunction":20,"lastStatement":60,"seen":{"s:5:26:5:Infinity":0,"s:6:29:6:Infinity":1,"s:7:24:7:Infinity":2,"s:8:18:8:Infinity":3,"s:10:23:17:Infinity":4,"s:19:20:19:Infinity":5,"f:21:24:21:39":0,"s:22:18:22:56":6,"s:23:21:23:63":7,"s:24:16:24:39":8,"s:25:15:25:37":9,"s:26:18:26:46":10,"s:27:16:27:57":11,"s:29:8:57:8":12,"f:29:38:29:45":1,"s:30:4:30:Infinity":13,"s:31:4:31:Infinity":14,"s:33:37:36:Infinity":15,"b:38:4:38:Infinity:undefined:undefined:undefined:undefined":0,"s:38:4:38:Infinity":16,"s:38:42:38:Infinity":17,"b:39:4:39:Infinity:undefined:undefined:undefined:undefined":1,"s:39:4:39:Infinity":18,"s:39:40:39:Infinity":19,"b:40:4:40:Infinity:undefined:undefined:undefined:undefined":2,"s:40:4:40:Infinity":20,"s:40:44:40:Infinity":21,"b:41:4:43:Infinity:undefined:undefined:undefined:undefined":3,"s:41:4:43:Infinity":22,"s:42:20:42:59":23,"b:43:6:43:Infinity:undefined:undefined:undefined:undefined":4,"s:43:6:43:Infinity":24,"s:43:17:43:Infinity":25,"b:45:4:45:Infinity:undefined:undefined:undefined:undefined":5,"s:45:4:45:Infinity":26,"s:45:29:45:Infinity":27,"b:46:4:46:Infinity:undefined:undefined:undefined:undefined":6,"s:46:4:46:Infinity":28,"s:46:30:46:Infinity":29,"s:48:4:55:Infinity":30,"s:49:23:49:50":31,"s:50:6:50:Infinity":32,"s:51:6:51:Infinity":33,"s:53:6:53:Infinity":34,"b:53:38:53:52:53:52:53:80":7,"s:55:6:55:Infinity":35,"s:59:2:61:Infinity":36,"f:59:2:59:18":2,"s:60:4:60:Infinity":37,"f:63:11:63:21":3,"s:64:4:64:Infinity":38,"f:64:4:64:15":4,"s:64:24:64:51":39,"s:65:4:65:Infinity":40,"f:68:11:68:26":5,"s:69:4:69:Infinity":41,"s:70:4:70:Infinity":42,"s:73:21:73:49":43,"s:75:23:82:Infinity":44,"s:84:2:223:Infinity":45,"f:95:22:95:27":6,"s:96:10:117:Infinity":46,"b:99:14:109:15:109:14:115:Infinity":8,"f:101:16:101:26":7,"s:101:35:101:69":47,"f:104:25:104:29":8,"s:105:18:105:Infinity":48,"f:112:16:112:26":9,"s:112:35:112:69":49,"b:134:35:134:43:134:43:134:49":9,"b:136:11:136:22:136:22:136:Infinity":10,"b:137:11:137:20:137:20:137:Infinity":11,"b:140:9:140:Infinity:141:10:158:Infinity":12,"f:143:14:143:29":10,"s:143:29:143:61":50,"f:143:29:143:37":11,"s:143:42:143:60":51,"b:144:24:144:38:144:38:144:Infinity":13,"f:153:14:153:29":12,"s:153:29:153:70":52,"f:153:29:153:37":13,"s:153:42:153:69":53,"b:154:24:154:47:154:47:154:Infinity":14,"b:163:7:163:Infinity:164:8:193:Infinity":15,"f:168:101:168:105":14,"s:169:18:171:Infinity":54,"f:176:26:176:30":15,"s:177:16:189:Infinity":55,"b:184:23:184:46:184:46:184:Infinity":16,"b:196:7:196:19:196:19:196:Infinity:197:8:199:Infinity":17,"b:202:7:202:Infinity:203:8:223:Infinity":18,"f:206:14:206:29":16,"s:206:29:206:61":56,"f:206:29:206:37":17,"s:206:42:206:60":57,"b:207:24:207:38:207:38:207:Infinity":19,"f:216:14:216:29":18,"s:216:29:216:70":58,"f:216:29:216:37":19,"s:216:42:216:69":59,"b:217:24:217:47:217:47:217:Infinity":20}}}
,"/Users/alanabarrett-frew/Developer/smart-assign/smart-assign-frontend/src/services/api.ts": {"path":"/Users/alanabarrett-frew/Developer/smart-assign/smart-assign-frontend/src/services/api.ts","statementMap":{"0":{"start":{"line":4,"column":19},"end":{"line":4,"column":null}},"1":{"start":{"line":6,"column":25},"end":{"line":9,"column":null}},"2":{"start":{"line":23,"column":50},"end":{"line":23,"column":51}},"3":{"start":{"line":25,"column":2},"end":{"line":25,"column":null}},"4":{"start":{"line":25,"column":20},"end":{"line":25,"column":null}},"5":{"start":{"line":26,"column":2},"end":{"line":26,"column":null}},"6":{"start":{"line":26,"column":21},"end":{"line":26,"column":null}},"7":{"start":{"line":27,"column":2},"end":{"line":27,"column":null}},"8":{"start":{"line":27,"column":23},"end":{"line":27,"column":null}},"9":{"start":{"line":28,"column":2},"end":{"line":28,"column":null}},"10":{"start":{"line":28,"column":21},"end":{"line":28,"column":null}},"11":{"start":{"line":29,"column":2},"end":{"line":29,"column":null}},"12":{"start":{"line":29,"column":25},"end":{"line":29,"column":null}},"13":{"start":{"line":30,"column":2},"end":{"line":30,"column":null}},"14":{"start":{"line":30,"column":42},"end":{"line":30,"column":null}},"15":{"start":{"line":31,"column":2},"end":{"line":31,"column":null}},"16":{"start":{"line":31,"column":20},"end":{"line":31,"column":null}},"17":{"start":{"line":32,"column":2},"end":{"line":32,"column":null}},"18":{"start":{"line":32,"column":21},"end":{"line":32,"column":null}},"19":{"start":{"line":34,"column":19},"end":{"line":34,"column":null}},"20":{"start":{"line":35,"column":2},"end":{"line":35,"column":null}}},"fnMap":{"0":{"name":"getCandidates","decl":{"start":{"line":22,"column":22},"end":{"line":22,"column":36}},"loc":{"start":{"line":22,"column":97},"end":{"line":35,"column":null}},"line":22}},"branchMap":{"0":{"loc":{"start":{"line":4,"column":19},"end":{"line":4,"column":null}},"type":"binary-expr","locations":[{"start":{"line":4,"column":19},"end":{"line":4,"column":56}},{"start":{"line":4,"column":56},"end":{"line":4,"column":null}}],"line":4},"1":{"loc":{"start":{"line":22,"column":36},"end":{"line":22,"column":66}},"type":"default-arg","locations":[{"start":{"line":22,"column":64},"end":{"line":22,"column":66}}],"line":22},"2":{"loc":{"start":{"line":25,"column":2},"end":{"line":25,"column":null}},"type":"if","locations":[{"start":{"line":25,"column":2},"end":{"line":25,"column":null}},{"start":{},"end":{}}],"line":25},"3":{"loc":{"start":{"line":26,"column":2},"end":{"line":26,"column":null}},"type":"if","locations":[{"start":{"line":26,"column":2},"end":{"line":26,"column":null}},{"start":{},"end":{}}],"line":26},"4":{"loc":{"start":{"line":27,"column":2},"end":{"line":27,"column":null}},"type":"if","locations":[{"start":{"line":27,"column":2},"end":{"line":27,"column":null}},{"start":{},"end":{}}],"line":27},"5":{"loc":{"start":{"line":28,"column":2},"end":{"line":28,"column":null}},"type":"if","locations":[{"start":{"line":28,"column":2},"end":{"line":28,"column":null}},{"start":{},"end":{}}],"line":28},"6":{"loc":{"start":{"line":29,"column":2},"end":{"line":29,"column":null}},"type":"if","locations":[{"start":{"line":29,"column":2},"end":{"line":29,"column":null}},{"start":{},"end":{}}],"line":29},"7":{"loc":{"start":{"line":30,"column":2},"end":{"line":30,"column":null}},"type":"if","locations":[{"start":{"line":30,"column":2},"end":{"line":30,"column":null}},{"start":{},"end":{}}],"line":30},"8":{"loc":{"start":{"line":31,"column":2},"end":{"line":31,"column":null}},"type":"if","locations":[{"start":{"line":31,"column":2},"end":{"line":31,"column":null}},{"start":{},"end":{}}],"line":31},"9":{"loc":{"start":{"line":32,"column":2},"end":{"line":32,"column":null}},"type":"if","locations":[{"start":{"line":32,"column":2},"end":{"line":32,"column":null}},{"start":{},"end":{}}],"line":32}},"s":{"0":2,"1":2,"2":5,"3":5,"4":4,"5":5,"6":4,"7":5,"8":1,"9":5,"10":1,"11":5,"12":1,"13":5,"14":1,"15":5,"16":1,"17":5,"18":1,"19":5,"20":5},"f":{"0":5},"b":{"0":[2,2],"1":[5],"2":[4,1],"3":[4,1],"4":[1,4],"5":[1,4],"6":[1,4],"7":[1,4],"8":[1,4],"9":[1,4]},"meta":{"lastBranch":10,"lastFunction":1,"lastStatement":21,"seen":{"s:4:19:4:Infinity":0,"b:4:19:4:56:4:56:4:Infinity":0,"s:6:25:9:Infinity":1,"f:22:22:22:36":0,"b:22:64:22:66":1,"s:23:50:23:51":2,"b:25:2:25:Infinity:undefined:undefined:undefined:undefined":2,"s:25:2:25:Infinity":3,"s:25:20:25:Infinity":4,"b:26:2:26:Infinity:undefined:undefined:undefined:undefined":3,"s:26:2:26:Infinity":5,"s:26:21:26:Infinity":6,"b:27:2:27:Infinity:undefined:undefined:undefined:undefined":4,"s:27:2:27:Infinity":7,"s:27:23:27:Infinity":8,"b:28:2:28:Infinity:undefined:undefined:undefined:undefined":5,"s:28:2:28:Infinity":9,"s:28:21:28:Infinity":10,"b:29:2:29:Infinity:undefined:undefined:undefined:undefined":6,"s:29:2:29:Infinity":11,"s:29:25:29:Infinity":12,"b:30:2:30:Infinity:undefined:undefined:undefined:undefined":7,"s:30:2:30:Infinity":13,"s:30:42:30:Infinity":14,"b:31:2:31:Infinity:undefined:undefined:undefined:undefined":8,"s:31:2:31:Infinity":15,"s:31:20:31:Infinity":16,"b:32:2:32:Infinity:undefined:undefined:undefined:undefined":9,"s:32:2:32:Infinity":17,"s:32:21:32:Infinity":18,"s:34:19:34:Infinity":19,"s:35:2:35:Infinity":20}}}
,"/Users/alanabarrett-frew/Developer/smart-assign/smart-assign-frontend/src/types/candidate.ts": {"path":"/Users/alanabarrett-frew/Developer/smart-assign/smart-assign-frontend/src/types/candidate.ts","statementMap":{},"fnMap":{},"branchMap":{},"s":{},"f":{},"b":{},"meta":{"lastBranch":0,"lastFunction":0,"lastStatement":0,"seen":{}}}
}
