TN:
SF:src/App.tsx
FN:4,App
FN:38,ComingSoon
FNF:2
FNH:2
FNDA:3,App
FNDA:1,ComingSoon
DA:5,3
DA:39,1
LF:2
LH:2
BRF:0
BRH:0
end_of_record
TN:
SF:src/components/ErrorBoundary.tsx
FN:12,(anonymous_0)
FN:17,(anonymous_1)
FN:21,(anonymous_2)
FN:29,(anonymous_3)
FNF:4
FNH:4
FNDA:6,(anonymous_0)
FNDA:1,(anonymous_1)
FNDA:9,(anonymous_2)
FNDA:1,(anonymous_3)
DA:13,6
DA:14,6
DA:18,4
DA:22,9
DA:23,4
DA:29,1
DA:39,5
LF:7
LH:7
BRDA:22,0,0,4
BRDA:22,0,1,5
BRF:2
BRH:2
end_of_record
TN:
SF:src/components/ManualSearch.tsx
FN:21,ManualSearch
FN:29,(anonymous_1)
FN:59,(anonymous_2)
FN:63,setFilter
FN:64,(anonymous_4)
FN:68,resetFilters
FN:95,(anonymous_6)
FN:101,(anonymous_7)
FN:104,(anonymous_8)
FN:112,(anonymous_9)
FN:143,(anonymous_10)
FN:143,(anonymous_11)
FN:153,(anonymous_12)
FN:153,(anonymous_13)
FN:168,(anonymous_14)
FN:176,(anonymous_15)
FN:206,(anonymous_16)
FN:206,(anonymous_17)
FN:216,(anonymous_18)
FN:216,(anonymous_19)
FNF:20
FNH:16
FNDA:74,ManualSearch
FNDA:31,(anonymous_1)
FNDA:31,(anonymous_2)
FNDA:11,setFilter
FNDA:11,(anonymous_4)
FNDA:1,resetFilters
FNDA:444,(anonymous_6)
FNDA:3,(anonymous_7)
FNDA:2294,(anonymous_8)
FNDA:8,(anonymous_9)
FNDA:1,(anonymous_10)
FNDA:1,(anonymous_11)
FNDA:2,(anonymous_12)
FNDA:2,(anonymous_13)
FNDA:392,(anonymous_14)
FNDA:368,(anonymous_15)
FNDA:0,(anonymous_16)
FNDA:0,(anonymous_17)
FNDA:0,(anonymous_18)
FNDA:0,(anonymous_19)
DA:5,2
DA:6,2
DA:7,2
DA:8,2
DA:10,2
DA:19,2
DA:22,74
DA:23,74
DA:24,74
DA:25,74
DA:26,74
DA:27,74
DA:29,74
DA:30,31
DA:31,31
DA:33,31
DA:38,31
DA:39,31
DA:40,31
DA:41,31
DA:42,1
DA:43,1
DA:45,31
DA:46,31
DA:48,31
DA:49,31
DA:50,29
DA:51,29
DA:53,1
DA:55,30
DA:59,74
DA:60,31
DA:64,11
DA:65,11
DA:69,1
DA:70,1
DA:73,74
DA:75,74
DA:84,74
DA:96,444
DA:101,3
DA:105,2294
DA:112,8
DA:143,1
DA:153,2
DA:169,392
DA:177,368
DA:206,0
DA:216,0
LF:49
LH:47
BRDA:38,0,0,2
BRDA:38,0,1,29
BRDA:39,1,0,0
BRDA:39,1,1,31
BRDA:40,2,0,0
BRDA:40,2,1,31
BRDA:41,3,0,1
BRDA:41,3,1,30
BRDA:43,4,0,1
BRDA:43,4,1,0
BRDA:45,5,0,8
BRDA:45,5,1,23
BRDA:46,6,0,0
BRDA:46,6,1,31
BRDA:53,7,0,1
BRDA:53,7,1,0
BRDA:98,8,0,296
BRDA:98,8,1,148
BRDA:134,9,0,31
BRDA:134,9,1,43
BRDA:136,10,0,74
BRDA:136,10,1,31
BRDA:137,11,0,74
BRDA:137,11,1,1
BRDA:140,12,0,74
BRDA:140,12,1,13
BRDA:144,13,0,13
BRDA:144,13,1,6
BRDA:154,14,0,13
BRDA:154,14,1,7
BRDA:163,15,0,74
BRDA:163,15,1,56
BRDA:184,16,0,368
BRDA:184,16,1,0
BRDA:196,17,0,74
BRDA:196,17,1,43
BRDA:196,17,2,2
BRDA:202,18,0,74
BRDA:202,18,1,13
BRDA:207,19,0,13
BRDA:207,19,1,6
BRDA:217,20,0,13
BRDA:217,20,1,7
BRF:43
BRH:37
end_of_record
TN:
SF:src/services/api.ts
FN:22,getCandidates
FNF:1
FNH:1
FNDA:5,getCandidates
DA:4,2
DA:6,2
DA:23,5
DA:25,5
DA:26,5
DA:27,5
DA:28,5
DA:29,5
DA:30,5
DA:31,5
DA:32,5
DA:34,5
DA:35,5
LF:13
LH:13
BRDA:4,0,0,2
BRDA:4,0,1,2
BRDA:22,1,0,5
BRDA:25,2,0,4
BRDA:25,2,1,1
BRDA:26,3,0,4
BRDA:26,3,1,1
BRDA:27,4,0,1
BRDA:27,4,1,4
BRDA:28,5,0,1
BRDA:28,5,1,4
BRDA:29,6,0,1
BRDA:29,6,1,4
BRDA:30,7,0,1
BRDA:30,7,1,4
BRDA:31,8,0,1
BRDA:31,8,1,4
BRDA:32,9,0,1
BRDA:32,9,1,4
BRF:19
BRH:19
end_of_record
TN:
SF:src/types/candidate.ts
FNF:0
FNH:0
LF:0
LH:0
BRF:0
BRH:0
end_of_record
